生成启动时间为 2017/3/23 20:47:24。
     1>项目“E:\C++workspace\剑指offer\20170323\20170323\20170323.vcxproj”在节点 2 上(build 个目标)。
     1>InitializeBuildStatus:
         正在创建“Debug\20170323.unsuccessfulbuild”，因为已指定“AlwaysCreate”。
       ClCompile:
         C:\Program Files (x86)\Microsoft Visual Studio 10.0\VC\bin\CL.exe /c /ZI /nologo /W3 /WX- /Od /Oy- /D WIN32 /D _DEBUG /D _CONSOLE /D _UNICODE /D UNICODE /Gm /EHsc /RTC1 /MDd /GS /fp:precise /Zc:wchar_t /Zc:forScope /Fo"Debug\\" /Fd"Debug\vc100.pdb" /Gd /TP /analyze- /errorReport:prompt chuangzao.cpp stingfenlei.cpp
         stingfenlei.cpp
         chuangzao.cpp
     1>e:\c++workspace\剑指offer\20170323\20170323\chuangzao.cpp(20): warning C4018: “<”: 有符号/无符号不匹配
         正在生成代码...
       ManifestResourceCompile:
         所有输出均为最新。
       Link:
         C:\Program Files (x86)\Microsoft Visual Studio 10.0\VC\bin\link.exe /ERRORREPORT:PROMPT /OUT:"E:\C++workspace\剑指offer\20170323\Debug\20170323.exe" /INCREMENTAL /NOLOGO kernel32.lib user32.lib gdi32.lib winspool.lib comdlg32.lib advapi32.lib shell32.lib ole32.lib oleaut32.lib uuid.lib odbc32.lib odbccp32.lib /MANIFEST /ManifestFile:"Debug\20170323.exe.intermediate.manifest" /MANIFESTUAC:"level='asInvoker' uiAccess='false'" /DEBUG /PDB:"E:\C++workspace\剑指offer\20170323\Debug\20170323.pdb" /SUBSYSTEM:CONSOLE /TLBID:1 /DYNAMICBASE /NXCOMPAT /IMPLIB:"E:\C++workspace\剑指offer\20170323\Debug\20170323.lib" /MACHINE:X86 Debug\20170323.exe.embed.manifest.res
         Debug\chuangzao.obj
         Debug\main.obj
         Debug\niuke.obj
         Debug\pailie.obj
         Debug\stingfenlei.obj
       Manifest:
         C:\Program Files (x86)\Microsoft SDKs\Windows\v7.0A\bin\mt.exe /nologo /verbose /out:"Debug\20170323.exe.embed.manifest" /manifest Debug\20170323.exe.intermediate.manifest
         所有输出均为最新。
       LinkEmbedManifest:
         所有输出均为最新。
         20170323.vcxproj -> E:\C++workspace\剑指offer\20170323\Debug\20170323.exe
       FinalizeBuildStatus:
         正在删除文件“Debug\20170323.unsuccessfulbuild”。
         正在对“Debug\20170323.lastbuildstate”执行 Touch 任务。
     1>已完成生成项目“E:\C++workspace\剑指offer\20170323\20170323\20170323.vcxproj”(build 个目标)的操作。

生成成功。

已用时间 00:00:01.46
