生成启动时间为 2017/3/30 16:23:51。
     1>项目“E:\C++workspace\剑指offer\hiho\hiho\hiho.vcxproj”在节点 2 上(build 个目标)。
     1>InitializeBuildStatus:
         正在创建“Debug\hiho.unsuccessfulbuild”，因为已指定“AlwaysCreate”。
       ClCompile:
         C:\Program Files (x86)\Microsoft Visual Studio 10.0\VC\bin\CL.exe /c /ZI /nologo /W3 /WX- /Od /Oy- /D WIN32 /D _DEBUG /D _CONSOLE /D _UNICODE /D UNICODE /Gm /EHsc /RTC1 /MDd /GS /fp:precise /Zc:wchar_t /Zc:forScope /Fo"Debug\\" /Fd"Debug\vc100.pdb" /Gd /TP /analyze- /errorReport:prompt hiho1039.cpp
         hiho1039.cpp
     1>e:\c++workspace\剑指offer\hiho\hiho\hiho1039.cpp(11): warning C4018: “<”: 有符号/无符号不匹配
     1>e:\c++workspace\剑指offer\hiho\hiho\hiho1039.cpp(13): warning C4018: “<”: 有符号/无符号不匹配
     1>e:\c++workspace\剑指offer\hiho\hiho\hiho1039.cpp(35): warning C4018: “<”: 有符号/无符号不匹配
       ManifestResourceCompile:
         所有输出均为最新。
       Link:
         C:\Program Files (x86)\Microsoft Visual Studio 10.0\VC\bin\link.exe /ERRORREPORT:PROMPT /OUT:"E:\C++workspace\剑指offer\hiho\Debug\hiho.exe" /INCREMENTAL /NOLOGO kernel32.lib user32.lib gdi32.lib winspool.lib comdlg32.lib advapi32.lib shell32.lib ole32.lib oleaut32.lib uuid.lib odbc32.lib odbccp32.lib /MANIFEST /ManifestFile:"Debug\hiho.exe.intermediate.manifest" /MANIFESTUAC:"level='asInvoker' uiAccess='false'" /DEBUG /PDB:"E:\C++workspace\剑指offer\hiho\Debug\hiho.pdb" /SUBSYSTEM:CONSOLE /TLBID:1 /DYNAMICBASE /NXCOMPAT /IMPLIB:"E:\C++workspace\剑指offer\hiho\Debug\hiho.lib" /MACHINE:X86 Debug\hiho.exe.embed.manifest.res
         Debug\1.obj
         Debug\2.obj
         Debug\hiho1039.obj
         Debug\hiho1341.obj
         Debug\hiho1342.obj
       Manifest:
         C:\Program Files (x86)\Microsoft SDKs\Windows\v7.0A\bin\mt.exe /nologo /verbose /out:"Debug\hiho.exe.embed.manifest" /manifest Debug\hiho.exe.intermediate.manifest
         所有输出均为最新。
       LinkEmbedManifest:
         所有输出均为最新。
         hiho.vcxproj -> E:\C++workspace\剑指offer\hiho\Debug\hiho.exe
       FinalizeBuildStatus:
         正在删除文件“Debug\hiho.unsuccessfulbuild”。
         正在对“Debug\hiho.lastbuildstate”执行 Touch 任务。
     1>已完成生成项目“E:\C++workspace\剑指offer\hiho\hiho\hiho.vcxproj”(build 个目标)的操作。

生成成功。

已用时间 00:00:01.83
