生成启动时间为 2017/3/29 22:21:10。
     1>项目“E:\C++workspace\剑指offer\20170329\20170329\20170329.vcxproj”在节点 2 上(build 个目标)。
     1>InitializeBuildStatus:
         正在对“Debug\20170329.unsuccessfulbuild”执行 Touch 任务。
       ClCompile:
         C:\Program Files (x86)\Microsoft Visual Studio 10.0\VC\bin\CL.exe /c /ZI /nologo /W3 /WX- /Od /Oy- /D WIN32 /D _DEBUG /D _CONSOLE /D _UNICODE /D UNICODE /Gm /EHsc /RTC1 /MDd /GS /fp:precise /Zc:wchar_t /Zc:forScope /Fo"Debug\\" /Fd"Debug\vc100.pdb" /Gd /TP /analyze- /errorReport:prompt 9.cpp
         9.cpp
     1>e:\c++workspace\剑指offer\20170329\20170329\9.cpp(9): warning C4018: “<”: 有符号/无符号不匹配
     1>e:\c++workspace\剑指offer\20170329\20170329\9.cpp(15): warning C4018: “<”: 有符号/无符号不匹配
       ManifestResourceCompile:
         所有输出均为最新。
       Link:
         C:\Program Files (x86)\Microsoft Visual Studio 10.0\VC\bin\link.exe /ERRORREPORT:PROMPT /OUT:"E:\C++workspace\剑指offer\20170329\Debug\20170329.exe" /INCREMENTAL /NOLOGO kernel32.lib user32.lib gdi32.lib winspool.lib comdlg32.lib advapi32.lib shell32.lib ole32.lib oleaut32.lib uuid.lib odbc32.lib odbccp32.lib /MANIFEST /ManifestFile:"Debug\20170329.exe.intermediate.manifest" /MANIFESTUAC:"level='asInvoker' uiAccess='false'" /DEBUG /PDB:"E:\C++workspace\剑指offer\20170329\Debug\20170329.pdb" /SUBSYSTEM:CONSOLE /TLBID:1 /DYNAMICBASE /NXCOMPAT /IMPLIB:"E:\C++workspace\剑指offer\20170329\Debug\20170329.lib" /MACHINE:X86 Debug\20170329.exe.embed.manifest.res
         Debug\1.obj
         Debug\2.obj
         Debug\5.obj
         Debug\7.obj
         Debug\8.obj
         Debug\9.obj
     1>LINK : fatal error LNK1168: 无法打开 E:\C++workspace\剑指offer\20170329\Debug\20170329.exe 进行写入
     1>已完成生成项目“E:\C++workspace\剑指offer\20170329\20170329\20170329.vcxproj”(build 个目标)的操作 - 失败。

生成失败。

已用时间 00:00:01.34
