生成启动时间为 2017/4/22 9:57:26。
     1>项目“E:\C++workspace\20170422\20170422\20170422.vcxproj”在节点 2 上(build 个目标)。
     1>InitializeBuildStatus:
         正在对“Debug\20170422.unsuccessfulbuild”执行 Touch 任务。
       ClCompile:
         C:\Program Files (x86)\Microsoft Visual Studio 10.0\VC\bin\CL.exe /c /ZI /nologo /W3 /WX- /Od /Oy- /D WIN32 /D _DEBUG /D _CONSOLE /D _UNICODE /D UNICODE /Gm /EHsc /RTC1 /MDd /GS /fp:precise /Zc:wchar_t /Zc:forScope /Fo"Debug\\" /Fd"Debug\vc100.pdb" /Gd /TP /analyze- /errorReport:prompt 1.cpp
         1.cpp
     1>e:\c++workspace\20170422\20170422\1.cpp(20): warning C4018: “<”: 有符号/无符号不匹配
     1>e:\c++workspace\20170422\20170422\1.cpp(51): warning C4018: “<”: 有符号/无符号不匹配
     1>e:\c++workspace\20170422\20170422\1.cpp(61): warning C4018: “<”: 有符号/无符号不匹配
       ManifestResourceCompile:
         C:\Program Files (x86)\Microsoft SDKs\Windows\v7.0A\bin\rc.exe /nologo /fo"Debug\20170422.exe.embed.manifest.res" Debug\20170422_manifest.rc 
       Link:
         C:\Program Files (x86)\Microsoft Visual Studio 10.0\VC\bin\link.exe /ERRORREPORT:PROMPT /OUT:"E:\C++workspace\20170422\Debug\20170422.exe" /INCREMENTAL /NOLOGO kernel32.lib user32.lib gdi32.lib winspool.lib comdlg32.lib advapi32.lib shell32.lib ole32.lib oleaut32.lib uuid.lib odbc32.lib odbccp32.lib /MANIFEST /ManifestFile:"Debug\20170422.exe.intermediate.manifest" /MANIFESTUAC:"level='asInvoker' uiAccess='false'" /DEBUG /PDB:"E:\C++workspace\20170422\Debug\20170422.pdb" /SUBSYSTEM:CONSOLE /TLBID:1 /DYNAMICBASE /NXCOMPAT /IMPLIB:"E:\C++workspace\20170422\Debug\20170422.lib" /MACHINE:X86 Debug\20170422.exe.embed.manifest.res
         Debug\1.obj
       Manifest:
         C:\Program Files (x86)\Microsoft SDKs\Windows\v7.0A\bin\mt.exe /nologo /verbose /out:"Debug\20170422.exe.embed.manifest" /manifest Debug\20170422.exe.intermediate.manifest
         C:\Program Files (x86)\Microsoft SDKs\Windows\v7.0A\bin\rc.exe /nologo /fo"Debug\20170422.exe.embed.manifest.res" Debug\20170422_manifest.rc 
       LinkEmbedManifest:
         C:\Program Files (x86)\Microsoft Visual Studio 10.0\VC\bin\link.exe /ERRORREPORT:PROMPT /OUT:"E:\C++workspace\20170422\Debug\20170422.exe" /INCREMENTAL /NOLOGO kernel32.lib user32.lib gdi32.lib winspool.lib comdlg32.lib advapi32.lib shell32.lib ole32.lib oleaut32.lib uuid.lib odbc32.lib odbccp32.lib /MANIFEST /ManifestFile:"Debug\20170422.exe.intermediate.manifest" /MANIFESTUAC:"level='asInvoker' uiAccess='false'" /DEBUG /PDB:"E:\C++workspace\20170422\Debug\20170422.pdb" /SUBSYSTEM:CONSOLE /TLBID:1 /DYNAMICBASE /NXCOMPAT /IMPLIB:"E:\C++workspace\20170422\Debug\20170422.lib" /MACHINE:X86 Debug\20170422.exe.embed.manifest.res
         Debug\1.obj
         20170422.vcxproj -> E:\C++workspace\20170422\Debug\20170422.exe
       FinalizeBuildStatus:
         正在删除文件“Debug\20170422.unsuccessfulbuild”。
         正在对“Debug\20170422.lastbuildstate”执行 Touch 任务。
     1>已完成生成项目“E:\C++workspace\20170422\20170422\20170422.vcxproj”(build 个目标)的操作。

生成成功。

已用时间 00:00:03.47
